00000000                                     1  *************************************************************************************************
00000000                                     2  *Il programma serve a provare una semplice configurazione costituita da due 
00000000                                     3  *sistemi S1 ed S2 dotati entrambi di un processore M68000, una ROM di 8K (addr $0-$1FFF), 
00000000                                     4  *una RAM di 10K (addr $8000-$A7FF) e un device parallelo PIA mappato a $2004.
00000000                                     5  *I due PIA sono interconnessi tra loro e mediante un protocollo di handshaking consentono ai
00000000                                     6  *due sistemi di scambiarsi un messaggio. In particolare, il sistema S1 trasferisce un vettore di N caratteri
00000000                                     7  *verso il sistema S2 sul porto parallelo. Il messaggio si trova in un'area di memoria del sistema S1
00000000                                     8  *e viene salvato in una ulteriore area di memoria nel sistema S2.
00000000                                     9  *
00000000                                    10  *Questo driver serve per la programmazione del sistema S1, che effettua il trasferimento con un semplice ciclo.
00000000                                    11  *
00000000                                    12  *************************************************************************************************
00000000                                    13  *	   PIA1		    PIA2
00000000                                    14  *	______	 _______
00000000                                    15  *	   CA1	|<---------|   CB2
00000000                                    16  *	   CA2	|--------->|   CB1
00000000                                    17  *	______|<==== |_______
00000000                                    18  *	   CB1	|<---------|   CA2
00000000                                    19  *	   CB2	|--------->|   CA1
00000000                                    20  *	______| ====>|_______
00000000                                    21  *
00000000                                    22  ************************************************************************************************
00000000                                    23  
00000000                                    24  	
00000000                                    25  	
00000000                                    26  
00000000                                    27  ************************************************************
00000000                                    28  **********AREA DATI**************************************
00008000                                    29  	ORG	$8000
00008000  01 02 03 04 05 06                 30  MSG	DC.B	1,2,3,4,5,6
00008006  06                                31  DIM	DC.B	6
00008007                                    32  
00008007                                    33  
00008007                                    34  ***********************************************************
00008007                                    35  ***********AREA MAIN*********************************	
00008200                                    36  	ORG    $8200
00008200                                    37  
00008200  =00002006                         38  PIADB	EQU    $2006	;indirizzo di PIA-B dato, usato in output 
00008200  =00002007                         39  PIACB	EQU    $2007	;indirizzo di PIA-B controllo
00008200                                    40  
00008200  4EB9 0000823A                     41  MAIN	JSR    DVBOUT	;inizializza PIA porto B in output
00008206                                    42  
00008206  227C 00002007                     43  	MOVEA.L	#PIACB,A1	;indirizzo registro di controllo CRB
0000820C  247C 00002006                     44  	MOVEA.L	#PIADB,A2	;indirizzo registro PRB
00008212  207C 00008000                     45  	MOVEA.L	#MSG,A0	;indirizzo area messaggio
00008218  1039 00008006                     46  	MOVE.B	DIM,D0	;dim del messaggio
0000821E                                    47  	
0000821E  4241                              48  	CLR	D1	;appoggio
00008220  4242                              49  	CLR	D2	;contatore elementi trasmessi
00008222                                    50  
00008222                                    51  
00008222  1212                              52  INVIO	MOVE.B	(A2),D1            ;lettura fittizia da PRB => serve per azzerare CRB7 dopo il primo carattere, altrimenti resta settato con l'ack
00008224  1498                              53  	MOVE.B	(A0)+,(A2)	;carattere corrente da trasferire su bus di PIA porto B: dopo la scrittura di PRB, CB2 si abbassa
00008226                                    54  *								;ciò fa abbassare CA1 sulla porta gemella dell'altro sistema generando 
00008226                                    55  *								;un'interruzione che coincide con il segnale DATA READY
00008226  5202                              56  	ADD.B		#1,D2		    ;incremento contatore elementi trasmessi
00008228                                    57  
00008228  1211                              58  ciclo2	MOVE.B	(A1),D1		;In attesa di DATA ACKNOWLEDGE
0000822A  0201 0080                         59  	ANDI.B	#$80,D1				;aspetta che CRB7 divenga 1
0000822E  67F8                              60  	BEQ	ciclo2
00008230                                    61  
00008230  B042                              62  	CMP	D2,D0	;controllo se ho finito di trasmettere
00008232  66EE                              63  	BNE	INVIO
00008234                                    64  
00008234                                    65  
00008234  4EF9 00008234                     66  LOOP  	JMP LOOP	;ciclo caldo dove il processore attende interrupt		
0000823A                                    67  
0000823A                                    68  
0000823A                                    69  
0000823A                                    70  *********************************************************************************************************
0000823A                                    71  *INIZIALIZZAZIONE DELLA PIA: PORTO B	
0000823A                                    72  *	CRB |0 |0 |1 0 0 |1 |0 0|
0000823A                                    73  *	           |	  |   |____Controllo CB1: interruzioni disabilitate su IRQB, CB1 sensibile a fronte 1->0
0000823A                                    74  *		       |	  |		
0000823A                                    75  *		       |	  |________Accesso a DRB: il prossimo accesso ad indirizzo pari è per PRB
0000823A                                    76  *		       |_______________Controllo CB2: linea di uscita, con gli altri due bit a 00 diventa alto su fronte 
0000823A                                    77  *                                             attivo di CB1 e si riabbassa a seguito a scrittura su PRB
0000823A                                    78  *
0000823A                                    79  *	DRB=1 => PORTO B PORTO DI USCITA
0000823A                                    80  *
0000823A                                    81  ***********************************************************************************************************
0000823A  11FC 0000 2007                    82  DVBOUT	MOVE.B	#0,PIACB		;seleziona il registro direzione di PIA porto B 
00008240  11FC 00FF 2006                    83  	MOVE.B	#$FF,PIADB	  		;accede a DRB e pone DRA=1 : le linee di B sono linee di output	
00008246  11FC 0024 2007                    84  	MOVE.B	#%00100100,PIACB   	;imposta il registro di controllo come indicato sopra
0000824C                                    85  *								;i bit CRB7 e CRB6 sono a sola lettura	
0000824C  4E75                              86  	RTS
0000824E                                    87  
0000824E                                    88  	
0000824E                                    89  	END	MAIN

No errors detected
No warnings generated
